    CFG.use_ichimoku_confirms = True
     CFG.use_volume_confirm = False
{
  "start_equity_inr": 500000.0,
  "final_equity_inr": 6676058.776864663,
  "cagr_pct": 33.573668468980465,
  "sharpe": 3.339978961090389,
  "max_drawdown_pct": -5.71498482060156,
  "win_rate_pct": 49.08692476260044,
  "n_trades": 1369
}
#================================
    CFG.use_ichimoku_confirms = True
    CFG.use_volume_confirm = True
{
  "start_equity_inr": 500000.0,
  "final_equity_inr": 4285400.7534101745,
  "cagr_pct": 27.270678360977875,
  "sharpe": 3.5276682798424974,
  "max_drawdown_pct": -7.194899374348991,
  "win_rate_pct": 50.77881619937694,
  "n_trades": 963
}